companiondevice/build/intermediates/manifest_merge_blame_file/release/manifest-merger-blame-release-report.txt
1<?xml version="1.0" encoding="utf-8"?>
2<!--
3  ~ Copyright (C) 2020 The Android Open Source Project
4  ~
5  ~ Licensed under the Apache License, Version 2.0 (the "License");
6  ~ you may not use this file except in compliance with the License.
7  ~ You may obtain a copy of the License at
8  ~
9  ~      http://www.apache.org/licenses/LICENSE-2.0
10  ~
11  ~ Unless required by applicable law or agreed to in writing, software
12  ~ distributed under the License is distributed on an "AS IS" BASIS,
13  ~ WITHOUT WARRANTIES OR CONDITIONS OF ANY KIND, either express or implied.
14  ~ See the License for the specific language governing permissions and
15  ~ limitations under the License.
16-->
17<manifest xmlns:android="http://schemas.android.com/apk/res/android"
18    package="com.google.android.companiondevicesupport"
19    android:versionCode="2413"
20    android:versionName="1.0" >
21
22    <uses-sdk
23        android:minSdkVersion="29"
24        android:targetSdkVersion="34" />
25
26    <!-- Needed for BLE scanning/advertising -->
27    <uses-permission
27-->CompanionDeviceSupport/companiondevice/AndroidManifest.xml:24:5-25:38
28        android:name="android.permission.ACCESS_FINE_LOCATION"
28-->CompanionDeviceSupport/companiondevice/AndroidManifest.xml:24:22-76
29        android:maxSdkVersion="30" />
29-->CompanionDeviceSupport/companiondevice/AndroidManifest.xml:25:9-35
30    <uses-permission
30-->CompanionDeviceSupport/companiondevice/AndroidManifest.xml:26:5-27:38
31        android:name="android.permission.BLUETOOTH"
31-->CompanionDeviceSupport/companiondevice/AndroidManifest.xml:26:22-65
32        android:maxSdkVersion="30" />
32-->CompanionDeviceSupport/companiondevice/AndroidManifest.xml:27:9-35
33    <uses-permission android:name="android.permission.BLUETOOTH_ADMIN" />
33-->CompanionDeviceSupport/companiondevice/AndroidManifest.xml:28:5-74
33-->CompanionDeviceSupport/companiondevice/AndroidManifest.xml:28:22-71
34    <uses-permission android:name="android.permission.BLUETOOTH_ADVERTISE" />
34-->CompanionDeviceSupport/companiondevice/AndroidManifest.xml:29:5-78
34-->CompanionDeviceSupport/companiondevice/AndroidManifest.xml:29:22-75
35    <uses-permission android:name="android.permission.BLUETOOTH_CONNECT" />
35-->CompanionDeviceSupport/companiondevice/AndroidManifest.xml:30:5-76
35-->CompanionDeviceSupport/companiondevice/AndroidManifest.xml:30:22-73
36    <uses-permission
36-->CompanionDeviceSupport/companiondevice/AndroidManifest.xml:31:5-32:58
37        android:name="android.permission.BLUETOOTH_SCAN"
37-->CompanionDeviceSupport/companiondevice/AndroidManifest.xml:31:22-70
38        android:usesPermissionFlags="neverForLocation" />
38-->CompanionDeviceSupport/companiondevice/AndroidManifest.xml:32:9-55
39
40    <!-- Needed for detecting foreground user -->
41    <uses-permission android:name="android.permission.INTERACT_ACROSS_USERS" />
41-->CompanionDeviceSupport/companiondevice/AndroidManifest.xml:35:5-79
41-->CompanionDeviceSupport/companiondevice/AndroidManifest.xml:35:22-77
42    <uses-permission android:name="android.permission.MANAGE_USERS" />
42-->CompanionDeviceSupport/companiondevice/AndroidManifest.xml:36:5-71
42-->CompanionDeviceSupport/companiondevice/AndroidManifest.xml:36:22-68
43    <uses-permission android:name="android.permission.FOREGROUND_SERVICE" />
43-->CompanionDeviceSupport/companiondevice/AndroidManifest.xml:37:5-77
43-->CompanionDeviceSupport/companiondevice/AndroidManifest.xml:37:22-74
44
45    <!-- Needed for the calendar sync feature -->
46    <uses-permission android:name="android.permission.READ_CALENDAR" />
46-->CompanionDeviceSupport/companiondevice/AndroidManifest.xml:40:5-71
46-->CompanionDeviceSupport/companiondevice/AndroidManifest.xml:40:22-69
47    <uses-permission android:name="android.permission.WRITE_CALENDAR" />
47-->CompanionDeviceSupport/companiondevice/AndroidManifest.xml:41:5-72
47-->CompanionDeviceSupport/companiondevice/AndroidManifest.xml:41:22-70
48
49    <!-- Needed for the trusted device feature -->
50    <uses-permission android:name="android.permission.PROVIDE_TRUST_AGENT" />
50-->CompanionDeviceSupport/companiondevice/AndroidManifest.xml:44:5-77
50-->CompanionDeviceSupport/companiondevice/AndroidManifest.xml:44:22-75
51    <uses-permission android:name="android.permission.MANAGE_WEAK_ESCROW_TOKEN" />
51-->CompanionDeviceSupport/companiondevice/AndroidManifest.xml:45:5-82
51-->CompanionDeviceSupport/companiondevice/AndroidManifest.xml:45:22-80
52    <uses-permission android:name="android.permission.POST_NOTIFICATIONS" />
52-->CompanionDeviceSupport/companiondevice/AndroidManifest.xml:46:5-76
52-->CompanionDeviceSupport/companiondevice/AndroidManifest.xml:46:22-74
53
54    <!-- Needed for the notification message feature -->
55    <uses-permission android:name="android.permission.SUBSTITUTE_NOTIFICATION_APP_NAME" />
55-->CompanionDeviceSupport/companiondevice/AndroidManifest.xml:49:5-90
55-->CompanionDeviceSupport/companiondevice/AndroidManifest.xml:49:22-88
56    <uses-permission android:name="android.car.permission.ACCESS_CAR_PROJECTION_STATUS" />
56-->CompanionDeviceSupport/companiondevice/AndroidManifest.xml:50:5-90
56-->CompanionDeviceSupport/companiondevice/AndroidManifest.xml:50:22-88
57
58    <!-- Needed to access the proxy service -->
59    <uses-permission android:name="android.permission.INTERNET" />
59-->CompanionDeviceSupport/companiondevice/AndroidManifest.xml:53:5-67
59-->CompanionDeviceSupport/companiondevice/AndroidManifest.xml:53:22-64
60    <uses-permission android:name="android.permission.ACCESS_NETWORK_STATE" />
60-->CompanionDeviceSupport/companiondevice/AndroidManifest.xml:54:5-79
60-->CompanionDeviceSupport/companiondevice/AndroidManifest.xml:54:22-76
61
62    <!-- Required for Play Store listing when application is AUTOMOTIVE exclusive -->
63    <uses-feature
63-->CompanionDeviceSupport/companiondevice/AndroidManifest.xml:57:5-93
64        android:name="android.hardware.type.automotive"
64-->CompanionDeviceSupport/companiondevice/AndroidManifest.xml:57:19-66
65        android:required="true" />
65-->CompanionDeviceSupport/companiondevice/AndroidManifest.xml:57:67-90
66    <!-- Needed for detecting foreground user -->
67    <uses-permission android:name="android.permission.INTERACT_ACROSS_USERS_FULL" />
67-->[:libs:connecteddevice] AndroidManifest.xml:27:5-85
67-->[:libs:connecteddevice] AndroidManifest.xml:27:22-82
68
69    <queries>
69-->[com.android.car.ui:car-ui-lib:2.0.0] AndroidManifest.xml:26:5-31:15
70        <provider
70-->[com.android.car.ui:car-ui-lib:2.0.0] AndroidManifest.xml:27:9-30:67
71            android:name="com.android.car.ui.plugin.PluginNameProvider"
71-->[com.android.car.ui:car-ui-lib:2.0.0] AndroidManifest.xml:28:13-72
72            android:authorities="com.android.car.ui.plugin" />
72-->[com.android.car.ui:car-ui-lib:2.0.0] AndroidManifest.xml:29:13-60
73    </queries>
74
75    <application
75-->CompanionDeviceSupport/companiondevice/AndroidManifest.xml:59:5-243:19
76        android:appComponentFactory="androidx.core.app.CoreComponentFactory"
76-->[androidx.core:core:1.5.0] AndroidManifest.xml:24:18-86
77        android:directBootAware="true"
77-->CompanionDeviceSupport/companiondevice/AndroidManifest.xml:62:9-39
78        android:extractNativeLibs="false"
79        android:icon="@mipmap/ic_directions_car_filled"
79-->CompanionDeviceSupport/companiondevice/AndroidManifest.xml:61:9-56
80        android:label="@string/app_name"
80-->CompanionDeviceSupport/companiondevice/AndroidManifest.xml:60:9-41
81        android:supportsRtl="true"
81-->CompanionDeviceSupport/companiondevice/AndroidManifest.xml:63:9-35
82        android:taskAffinity="" >
82-->CompanionDeviceSupport/companiondevice/AndroidManifest.xml:64:9-32
83
84        <!-- ConnectedDeviceService is exported for FeatureConnector. -->
85        <service
85-->CompanionDeviceSupport/companiondevice/AndroidManifest.xml:66:9-90:19
86            android:name="com.google.android.connecteddevice.service.ConnectedDeviceService"
86-->CompanionDeviceSupport/companiondevice/AndroidManifest.xml:67:13-93
87            android:exported="true"
87-->CompanionDeviceSupport/companiondevice/AndroidManifest.xml:69:13-36
88            android:singleUser="true" >
88-->CompanionDeviceSupport/companiondevice/AndroidManifest.xml:68:13-38
89            <intent-filter>
89-->CompanionDeviceSupport/companiondevice/AndroidManifest.xml:70:13-73:29
90                <action android:name="com.google.android.connecteddevice.api.BIND_FEATURE_COORDINATOR" />
90-->CompanionDeviceSupport/companiondevice/AndroidManifest.xml:71:17-106
90-->CompanionDeviceSupport/companiondevice/AndroidManifest.xml:71:25-103
91
92                <category android:name="android.intent.category.DEFAULT" />
92-->CompanionDeviceSupport/companiondevice/AndroidManifest.xml:72:17-76
92-->CompanionDeviceSupport/companiondevice/AndroidManifest.xml:72:27-73
93            </intent-filter>
94            <intent-filter>
94-->CompanionDeviceSupport/companiondevice/AndroidManifest.xml:74:13-77:29
95                <action android:name="com.google.android.connecteddevice.api.BIND_SAFE_FEATURE_COORDINATOR" />
95-->CompanionDeviceSupport/companiondevice/AndroidManifest.xml:75:17-111
95-->CompanionDeviceSupport/companiondevice/AndroidManifest.xml:75:25-108
96
97                <category android:name="android.intent.category.DEFAULT" />
97-->CompanionDeviceSupport/companiondevice/AndroidManifest.xml:72:17-76
97-->CompanionDeviceSupport/companiondevice/AndroidManifest.xml:72:27-73
98            </intent-filter>
99
100            <meta-data
100-->CompanionDeviceSupport/companiondevice/AndroidManifest.xml:78:13-79:71
101                android:name="com.google.android.connecteddevice.early_services"
101-->CompanionDeviceSupport/companiondevice/AndroidManifest.xml:78:24-88
102                android:resource="@array/early_single_user_services" />
102-->CompanionDeviceSupport/companiondevice/AndroidManifest.xml:79:17-69
103            <meta-data
103-->CompanionDeviceSupport/companiondevice/AndroidManifest.xml:80:13-81:75
104                android:name="com.google.android.connecteddevice.association_service_uuid"
104-->CompanionDeviceSupport/companiondevice/AndroidManifest.xml:80:24-98
105                android:resource="@string/car_association_service_uuid" />
105-->CompanionDeviceSupport/companiondevice/AndroidManifest.xml:81:17-72
106            <meta-data
106-->CompanionDeviceSupport/companiondevice/AndroidManifest.xml:82:13-83:65
107                android:name="com.google.android.connecteddevice.transport_protocols"
107-->CompanionDeviceSupport/companiondevice/AndroidManifest.xml:82:24-93
108                android:resource="@array/transport_protocols" />
108-->CompanionDeviceSupport/companiondevice/AndroidManifest.xml:83:17-62
109            <meta-data
109-->CompanionDeviceSupport/companiondevice/AndroidManifest.xml:84:13-85:72
110                android:name="com.google.android.connecteddevice.car_eap_oob_protocol_name"
110-->CompanionDeviceSupport/companiondevice/AndroidManifest.xml:84:24-99
111                android:resource="@string/car_eap_oob_protocol_name" />
111-->CompanionDeviceSupport/companiondevice/AndroidManifest.xml:85:17-69
112            <meta-data
112-->CompanionDeviceSupport/companiondevice/AndroidManifest.xml:86:13-87:58
113                android:name="com.google.android.connecteddevice.enable_beacon"
113-->CompanionDeviceSupport/companiondevice/AndroidManifest.xml:86:24-87
114                android:resource="@bool/enable_beacon" />
114-->CompanionDeviceSupport/companiondevice/AndroidManifest.xml:87:17-55
115            <meta-data
115-->CompanionDeviceSupport/companiondevice/AndroidManifest.xml:88:13-89:65
116                android:name="com.google.android.connecteddevice.enable_periodic_ping"
116-->CompanionDeviceSupport/companiondevice/AndroidManifest.xml:88:24-94
117                android:resource="@bool/enable_periodic_ping" />
117-->CompanionDeviceSupport/companiondevice/AndroidManifest.xml:89:17-62
118        </service>
119        <!--
120             ConnectedDeviceFgUserService is exported for CompanionConnector
121             and FeatureConnector.
122        -->
123        <service
123-->CompanionDeviceSupport/companiondevice/AndroidManifest.xml:93:9-109:19
124            android:name="com.google.android.connecteddevice.service.ConnectedDeviceFgUserService"
124-->CompanionDeviceSupport/companiondevice/AndroidManifest.xml:94:13-99
125            android:exported="true"
125-->CompanionDeviceSupport/companiondevice/AndroidManifest.xml:96:13-36
126            android:foregroundServiceType="connectedDevice" >
126-->CompanionDeviceSupport/companiondevice/AndroidManifest.xml:95:13-60
127            <intent-filter>
127-->CompanionDeviceSupport/companiondevice/AndroidManifest.xml:97:13-100:29
128                <action android:name="com.google.android.connecteddevice.api.BIND_FEATURE_COORDINATOR_FG" />
128-->CompanionDeviceSupport/companiondevice/AndroidManifest.xml:98:17-109
128-->CompanionDeviceSupport/companiondevice/AndroidManifest.xml:98:25-106
129
130                <category android:name="android.intent.category.DEFAULT" />
130-->CompanionDeviceSupport/companiondevice/AndroidManifest.xml:72:17-76
130-->CompanionDeviceSupport/companiondevice/AndroidManifest.xml:72:27-73
131            </intent-filter>
132            <intent-filter>
132-->CompanionDeviceSupport/companiondevice/AndroidManifest.xml:101:13-104:29
133                <action android:name="com.google.android.connecteddevice.api.QUERY_API_VERSION" />
133-->CompanionDeviceSupport/companiondevice/AndroidManifest.xml:102:17-99
133-->CompanionDeviceSupport/companiondevice/AndroidManifest.xml:102:25-96
134
135                <category android:name="android.intent.category.DEFAULT" />
135-->CompanionDeviceSupport/companiondevice/AndroidManifest.xml:72:17-76
135-->CompanionDeviceSupport/companiondevice/AndroidManifest.xml:72:27-73
136            </intent-filter>
137
138            <meta-data
138-->CompanionDeviceSupport/companiondevice/AndroidManifest.xml:78:13-79:71
139                android:name="com.google.android.connecteddevice.early_services"
139-->CompanionDeviceSupport/companiondevice/AndroidManifest.xml:78:24-88
140                android:resource="@array/early_fg_user_services" />
140-->CompanionDeviceSupport/companiondevice/AndroidManifest.xml:79:17-69
141            <meta-data
141-->CompanionDeviceSupport/companiondevice/AndroidManifest.xml:107:13-108:68
142                android:name="com.google.android.connecteddevice.unlock_services"
142-->CompanionDeviceSupport/companiondevice/AndroidManifest.xml:107:24-89
143                android:resource="@array/unlock_fg_user_services" />
143-->CompanionDeviceSupport/companiondevice/AndroidManifest.xml:108:17-66
144        </service>
145        <service
145-->CompanionDeviceSupport/companiondevice/AndroidManifest.xml:110:9-121:19
146            android:name="com.google.android.connecteddevice.service.TransportService"
146-->CompanionDeviceSupport/companiondevice/AndroidManifest.xml:111:13-87
147            android:exported="false" >
147-->CompanionDeviceSupport/companiondevice/AndroidManifest.xml:112:13-37
148            <meta-data
148-->CompanionDeviceSupport/companiondevice/AndroidManifest.xml:80:13-81:75
149                android:name="com.google.android.connecteddevice.association_service_uuid"
149-->CompanionDeviceSupport/companiondevice/AndroidManifest.xml:80:24-98
150                android:resource="@string/car_association_service_uuid" />
150-->CompanionDeviceSupport/companiondevice/AndroidManifest.xml:81:17-72
151            <meta-data
151-->CompanionDeviceSupport/companiondevice/AndroidManifest.xml:115:13-116:57
152                android:name="com.google.android.connecteddevice.enable_proxy"
152-->CompanionDeviceSupport/companiondevice/AndroidManifest.xml:115:24-86
153                android:resource="@bool/enable_proxy" />
153-->CompanionDeviceSupport/companiondevice/AndroidManifest.xml:116:17-54
154            <meta-data
154-->CompanionDeviceSupport/companiondevice/AndroidManifest.xml:82:13-83:65
155                android:name="com.google.android.connecteddevice.transport_protocols"
155-->CompanionDeviceSupport/companiondevice/AndroidManifest.xml:82:24-93
156                android:resource="@array/transport_protocols" />
156-->CompanionDeviceSupport/companiondevice/AndroidManifest.xml:83:17-62
157            <meta-data
157-->CompanionDeviceSupport/companiondevice/AndroidManifest.xml:119:13-120:67
158                android:name="com.google.android.connecteddevice.supported_oob_channels"
158-->CompanionDeviceSupport/companiondevice/AndroidManifest.xml:119:24-96
159                android:resource="@array/supported_oob_channels" />
159-->CompanionDeviceSupport/companiondevice/AndroidManifest.xml:120:17-65
160        </service>
161        <service
161-->CompanionDeviceSupport/companiondevice/AndroidManifest.xml:122:9-135:19
162            android:name="com.google.android.companiondevicesupport.eap.EapService"
162-->CompanionDeviceSupport/companiondevice/AndroidManifest.xml:123:13-84
163            android:exported="false" >
163-->CompanionDeviceSupport/companiondevice/AndroidManifest.xml:124:13-37
164            <meta-data
164-->CompanionDeviceSupport/companiondevice/AndroidManifest.xml:80:13-81:75
165                android:name="com.google.android.connecteddevice.association_service_uuid"
165-->CompanionDeviceSupport/companiondevice/AndroidManifest.xml:80:24-98
166                android:resource="@string/car_association_service_uuid" />
166-->CompanionDeviceSupport/companiondevice/AndroidManifest.xml:81:17-72
167            <meta-data
167-->CompanionDeviceSupport/companiondevice/AndroidManifest.xml:82:13-83:65
168                android:name="com.google.android.connecteddevice.transport_protocols"
168-->CompanionDeviceSupport/companiondevice/AndroidManifest.xml:82:24-93
169                android:resource="@array/transport_protocols" />
169-->CompanionDeviceSupport/companiondevice/AndroidManifest.xml:83:17-62
170            <meta-data
170-->CompanionDeviceSupport/companiondevice/AndroidManifest.xml:119:13-120:67
171                android:name="com.google.android.connecteddevice.supported_oob_channels"
171-->CompanionDeviceSupport/companiondevice/AndroidManifest.xml:119:24-96
172                android:resource="@array/supported_oob_channels" />
172-->CompanionDeviceSupport/companiondevice/AndroidManifest.xml:120:17-65
173            <meta-data
173-->CompanionDeviceSupport/companiondevice/AndroidManifest.xml:131:13-132:66
174                android:name="com.google.android.connecteddevice.car_eap_client_name"
174-->CompanionDeviceSupport/companiondevice/AndroidManifest.xml:131:24-93
175                android:resource="@string/car_eap_client_name" />
175-->CompanionDeviceSupport/companiondevice/AndroidManifest.xml:132:17-63
176            <meta-data
176-->CompanionDeviceSupport/companiondevice/AndroidManifest.xml:133:13-134:67
177                android:name="com.google.android.connecteddevice.car_eap_service_name"
177-->CompanionDeviceSupport/companiondevice/AndroidManifest.xml:133:24-94
178                android:resource="@string/car_eap_service_name" />
178-->CompanionDeviceSupport/companiondevice/AndroidManifest.xml:134:17-64
179        </service>
180        <!-- Export this activity only for automated test. -->
181        <activity
181-->CompanionDeviceSupport/companiondevice/AndroidManifest.xml:137:9-154:20
182            android:name="com.google.android.companiondevicesupport.AssociationActivity"
182-->CompanionDeviceSupport/companiondevice/AndroidManifest.xml:137:19-54
183            android:exported="true"
183-->CompanionDeviceSupport/companiondevice/AndroidManifest.xml:138:19-42
184            android:launchMode="singleInstance" >
184-->CompanionDeviceSupport/companiondevice/AndroidManifest.xml:139:19-54
185            <intent-filter>
185-->CompanionDeviceSupport/companiondevice/AndroidManifest.xml:140:13-143:29
186                <action android:name="com.google.android.connecteddevice.api.ASSOCIATION_ACTIVITY" />
186-->CompanionDeviceSupport/companiondevice/AndroidManifest.xml:141:17-102
186-->CompanionDeviceSupport/companiondevice/AndroidManifest.xml:141:25-99
187
188                <category android:name="android.intent.category.DEFAULT" />
188-->CompanionDeviceSupport/companiondevice/AndroidManifest.xml:72:17-76
188-->CompanionDeviceSupport/companiondevice/AndroidManifest.xml:72:27-73
189            </intent-filter>
190            <intent-filter>
190-->CompanionDeviceSupport/companiondevice/AndroidManifest.xml:144:13-147:29
191                <action android:name="com.android.settings.action.EXTRA_SETTINGS" />
191-->CompanionDeviceSupport/companiondevice/AndroidManifest.xml:145:17-85
191-->CompanionDeviceSupport/companiondevice/AndroidManifest.xml:145:25-82
192
193                <category android:name="android.intent.category.DEFAULT" />
193-->CompanionDeviceSupport/companiondevice/AndroidManifest.xml:72:17-76
193-->CompanionDeviceSupport/companiondevice/AndroidManifest.xml:72:27-73
194            </intent-filter>
195
196            <meta-data
196-->CompanionDeviceSupport/companiondevice/AndroidManifest.xml:148:13-149:98
197                android:name="com.android.settings.icon"
197-->CompanionDeviceSupport/companiondevice/AndroidManifest.xml:148:24-64
198                android:resource="@drawable/ic_phonelink_ring_40dp"
198-->CompanionDeviceSupport/companiondevice/AndroidManifest.xml:149:24-75
199                android:value="true" />
199-->CompanionDeviceSupport/companiondevice/AndroidManifest.xml:149:76-96
200            <meta-data
200-->CompanionDeviceSupport/companiondevice/AndroidManifest.xml:150:13-151:74
201                android:name="com.android.settings.title"
201-->CompanionDeviceSupport/companiondevice/AndroidManifest.xml:150:24-65
202                android:resource="@string/settings_entry_title" />
202-->CompanionDeviceSupport/companiondevice/AndroidManifest.xml:151:24-71
203            <meta-data
203-->CompanionDeviceSupport/companiondevice/AndroidManifest.xml:152:13-153:81
204                android:name="com.android.settings.category"
204-->CompanionDeviceSupport/companiondevice/AndroidManifest.xml:152:24-68
205                android:value="com.android.settings.category.personal" />
205-->CompanionDeviceSupport/companiondevice/AndroidManifest.xml:153:24-78
206        </activity>
207        <!-- SetupWizardAssociationActivity is exported for SUW. -->
208        <activity
208-->CompanionDeviceSupport/companiondevice/AndroidManifest.xml:156:9-163:20
209            android:name="com.google.android.companiondevicesupport.SetupWizardAssociationActivity"
209-->CompanionDeviceSupport/companiondevice/AndroidManifest.xml:156:19-65
210            android:exported="true"
210-->CompanionDeviceSupport/companiondevice/AndroidManifest.xml:157:13-36
211            android:launchMode="singleInstance" >
211-->CompanionDeviceSupport/companiondevice/AndroidManifest.xml:158:13-48
212            <intent-filter>
212-->CompanionDeviceSupport/companiondevice/AndroidManifest.xml:159:13-162:29
213                <action android:name="com.google.android.connecteddevice.api.SETUP_WIZARD_ASSOCIATION_ACTIVITY" />
213-->CompanionDeviceSupport/companiondevice/AndroidManifest.xml:160:17-115
213-->CompanionDeviceSupport/companiondevice/AndroidManifest.xml:160:25-112
214
215                <category android:name="android.intent.category.DEFAULT" />
215-->CompanionDeviceSupport/companiondevice/AndroidManifest.xml:72:17-76
215-->CompanionDeviceSupport/companiondevice/AndroidManifest.xml:72:27-73
216            </intent-filter>
217        </activity>
218
219        <!-- Feature specific elements below here -->
220
221
222        <!-- calendarsync -->
223        <service
223-->CompanionDeviceSupport/companiondevice/AndroidManifest.xml:168:9-170:40
224            android:name="com.google.android.connecteddevice.calendarsync.CalendarSyncService"
224-->CompanionDeviceSupport/companiondevice/AndroidManifest.xml:169:13-95
225            android:exported="false" />
225-->CompanionDeviceSupport/companiondevice/AndroidManifest.xml:170:13-37
226
227        <!-- notificationmsg -->
228        <service
228-->CompanionDeviceSupport/companiondevice/AndroidManifest.xml:173:9-186:19
229            android:name="com.google.android.connecteddevice.notificationmsg.NotificationMsgService"
229-->CompanionDeviceSupport/companiondevice/AndroidManifest.xml:174:13-101
230            android:exported="false" >
230-->CompanionDeviceSupport/companiondevice/AndroidManifest.xml:175:13-37
231            <meta-data
231-->CompanionDeviceSupport/companiondevice/AndroidManifest.xml:176:13-177:76
232                android:name="com.google.android.connecteddevice.notificationmsg.notification_contact_photo_size"
232-->CompanionDeviceSupport/companiondevice/AndroidManifest.xml:176:24-121
233                android:resource="@dimen/notification_contact_photo_size" />
233-->CompanionDeviceSupport/companiondevice/AndroidManifest.xml:177:17-74
234            <meta-data
234-->CompanionDeviceSupport/companiondevice/AndroidManifest.xml:178:13-179:58
235                android:name="com.google.android.connecteddevice.notificationmsg.default_message_icon"
235-->CompanionDeviceSupport/companiondevice/AndroidManifest.xml:178:24-110
236                android:resource="@drawable/ic_message" />
236-->CompanionDeviceSupport/companiondevice/AndroidManifest.xml:179:17-56
237            <meta-data
237-->CompanionDeviceSupport/companiondevice/AndroidManifest.xml:180:13-181:57
238                android:name="com.google.android.connecteddevice.notificationmsg.default_avatar"
238-->CompanionDeviceSupport/companiondevice/AndroidManifest.xml:180:24-104
239                android:resource="@drawable/ic_person" />
239-->CompanionDeviceSupport/companiondevice/AndroidManifest.xml:181:17-55
240            <meta-data
240-->CompanionDeviceSupport/companiondevice/AndroidManifest.xml:182:13-183:64
241                android:name="com.google.android.connecteddevice.notificationmsg.default_display_name"
241-->CompanionDeviceSupport/companiondevice/AndroidManifest.xml:182:24-110
242                android:resource="@string/name_not_available" />
242-->CompanionDeviceSupport/companiondevice/AndroidManifest.xml:183:17-62
243            <meta-data
243-->CompanionDeviceSupport/companiondevice/AndroidManifest.xml:184:13-185:71
244                android:name="com.google.android.connecteddevice.notificationmsg.content_text"
244-->CompanionDeviceSupport/companiondevice/AndroidManifest.xml:184:24-102
245                android:resource="@plurals/notification_new_message" />
245-->CompanionDeviceSupport/companiondevice/AndroidManifest.xml:185:17-69
246        </service>
247
248        <!-- trust -->
249        <service
249-->CompanionDeviceSupport/companiondevice/AndroidManifest.xml:189:9-193:19
250            android:name="com.google.android.connecteddevice.trust.TrustedDeviceManagerService"
250-->CompanionDeviceSupport/companiondevice/AndroidManifest.xml:190:13-96
251            android:exported="false"
251-->CompanionDeviceSupport/companiondevice/AndroidManifest.xml:192:13-37
252            android:singleUser="true" >
252-->CompanionDeviceSupport/companiondevice/AndroidManifest.xml:191:13-38
253        </service>
254        <!-- TrustedDeviceAgentService is an extension of the platform service TrustAgent. -->
255        <service
255-->CompanionDeviceSupport/companiondevice/AndroidManifest.xml:195:9-207:19
256            android:name="com.google.android.connecteddevice.trust.TrustedDeviceAgentService"
256-->CompanionDeviceSupport/companiondevice/AndroidManifest.xml:196:13-94
257            android:directBootAware="true"
257-->CompanionDeviceSupport/companiondevice/AndroidManifest.xml:200:13-43
258            android:exported="true"
258-->CompanionDeviceSupport/companiondevice/AndroidManifest.xml:199:13-36
259            android:permission="android.permission.BIND_TRUST_AGENT"
259-->CompanionDeviceSupport/companiondevice/AndroidManifest.xml:197:13-69
260            android:singleUser="true" >
260-->CompanionDeviceSupport/companiondevice/AndroidManifest.xml:198:13-38
261            <intent-filter>
261-->CompanionDeviceSupport/companiondevice/AndroidManifest.xml:201:13-204:29
262                <action android:name="android.service.trust.TrustAgentService" />
262-->CompanionDeviceSupport/companiondevice/AndroidManifest.xml:202:17-82
262-->CompanionDeviceSupport/companiondevice/AndroidManifest.xml:202:25-79
263
264                <category android:name="android.intent.category.DEFAULT" />
264-->CompanionDeviceSupport/companiondevice/AndroidManifest.xml:72:17-76
264-->CompanionDeviceSupport/companiondevice/AndroidManifest.xml:72:27-73
265            </intent-filter>
266
267            <meta-data
267-->CompanionDeviceSupport/companiondevice/AndroidManifest.xml:205:13-206:65
268                android:name="android.service.trust.trustagent"
268-->CompanionDeviceSupport/companiondevice/AndroidManifest.xml:205:24-71
269                android:resource="@xml/car_trust_agent" />
269-->CompanionDeviceSupport/companiondevice/AndroidManifest.xml:206:24-63
270        </service>
271        <service
271-->CompanionDeviceSupport/companiondevice/AndroidManifest.xml:208:9-222:19
272            android:name="com.google.android.connecteddevice.trust.TrustedDeviceUiDelegateService"
272-->CompanionDeviceSupport/companiondevice/AndroidManifest.xml:208:18-104
273            android:exported="false" >
273-->CompanionDeviceSupport/companiondevice/AndroidManifest.xml:209:18-42
274            <meta-data
274-->CompanionDeviceSupport/companiondevice/AndroidManifest.xml:210:13-211:86
275                android:name="com.google.android.connecteddevice.trust.notification_channel_name"
275-->CompanionDeviceSupport/companiondevice/AndroidManifest.xml:210:24-105